<?xml version="1.0" encoding="UTF-8"?>
<!-- Generated by org.testng.reporters.JUnitXMLReporter -->
<testsuite ignored="20" hostname="DESKTOP-GOOE8VN" failures="0" tests="1" name="Default test" time="40.546" errors="0" timestamp="2025-08-06T20:22:57 IST">
  <testcase classname="tutorialsninja.tests.Login" name="verifyNumberOfUnsuccessfulLoginAttemps" time="3.615"/>
  <testcase classname="tutorialsninja.tests.Login" name="verifyBrowserBackAfterLogin" time="0.0">
    <ignored/>
  </testcase> <!-- verifyBrowserBackAfterLogin -->
  <testcase classname="tutorialsninja.tests.Login" name="verifyNavigatingToDifferentPageFromLoginPage" time="0.0">
    <ignored/>
  </testcase> <!-- verifyNavigatingToDifferentPageFromLoginPage -->
  <testcase classname="tutorialsninja.tests.Login" name="verifyLoginFieldsPlaceholders" time="0.0">
    <ignored/>
  </testcase> <!-- verifyLoginFieldsPlaceholders -->
  <testcase classname="tutorialsninja.tests.Login" name="verifyLoginWithValidCredentials" time="0.0">
    <ignored/>
  </testcase> <!-- verifyLoginWithValidCredentials -->
  <testcase classname="tutorialsninja.tests.Login" name="verifyUIOfLoginPage" time="0.0">
    <ignored/>
  </testcase> <!-- verifyUIOfLoginPage -->
  <testcase classname="tutorialsninja.tests.Login" name="verifyForgottendPasswordLinkOnLoginPage" time="0.0">
    <ignored/>
  </testcase> <!-- verifyForgottendPasswordLinkOnLoginPage -->
  <testcase classname="tutorialsninja.tests.Login" name="verifyLoginWithInvalidCredentials" time="0.0">
    <ignored/>
  </testcase> <!-- verifyLoginWithInvalidCredentials -->
  <testcase classname="tutorialsninja.tests.Login" name="verifyDifferentWayOfNavigatingToLoginPage" time="0.0">
    <ignored/>
  </testcase> <!-- verifyDifferentWayOfNavigatingToLoginPage -->
  <testcase classname="tutorialsninja.tests.Login" name="verifyLoginWithoutCredentials" time="0.0">
    <ignored/>
  </testcase> <!-- verifyLoginWithoutCredentials -->
  <testcase classname="tutorialsninja.tests.Login" name="verifyLoginFunctionalityInAllEnvioronments" time="0.0">
    <ignored/>
  </testcase> <!-- verifyLoginFunctionalityInAllEnvioronments -->
  <testcase classname="tutorialsninja.tests.Login" name="verifyLoggingIntoApplicationAfterChaningPassword" time="0.0">
    <ignored/>
  </testcase> <!-- verifyLoggingIntoApplicationAfterChaningPassword -->
  <testcase classname="tutorialsninja.tests.Login" name="verifyBrowserBackAfterLoggingOut" time="0.0">
    <ignored/>
  </testcase> <!-- verifyBrowserBackAfterLoggingOut -->
  <testcase classname="tutorialsninja.tests.Login" name="verifyTextEnteredIntoPasswordFieldIsToggledToHideItsVisibility" time="0.0">
    <ignored/>
  </testcase> <!-- verifyTextEnteredIntoPasswordFieldIsToggledToHideItsVisibility -->
  <testcase classname="tutorialsninja.tests.Login" name="verifyPasswordIsStoredInHTMLCodeOfThePage" time="0.0">
    <ignored/>
  </testcase> <!-- verifyPasswordIsStoredInHTMLCodeOfThePage -->
  <testcase classname="tutorialsninja.tests.Login" name="verifyLoginWithInactiveCredentials" time="0.0">
    <ignored/>
  </testcase> <!-- verifyLoginWithInactiveCredentials -->
  <testcase classname="tutorialsninja.tests.Login" name="verifyLoginWithInvalidEmailAndValidPassword" time="0.0">
    <ignored/>
  </testcase> <!-- verifyLoginWithInvalidEmailAndValidPassword -->
  <testcase classname="tutorialsninja.tests.Login" name="verifyLoggingIntoTheApplicationUsingKeyboardKeys" time="0.0">
    <ignored/>
  </testcase> <!-- verifyLoggingIntoTheApplicationUsingKeyboardKeys -->
  <testcase classname="tutorialsninja.tests.Login" name="verifyLoginWithvalidEmailAndInvalidPassword" time="0.0">
    <ignored/>
  </testcase> <!-- verifyLoginWithvalidEmailAndInvalidPassword -->
  <testcase classname="tutorialsninja.tests.Login" name="verifyBreadcrumbPageHeadingTitleAndPageURLOfLoginPage" time="0.0">
    <ignored/>
  </testcase> <!-- verifyBreadcrumbPageHeadingTitleAndPageURLOfLoginPage -->
  <testcase classname="tutorialsninja.tests.Login" name="verifyCopyingOfTextEnteredIntoPasswordField" time="0.0">
    <ignored/>
  </testcase> <!-- verifyCopyingOfTextEnteredIntoPasswordField -->
</testsuite> <!-- Default test -->
